<?xml version="1.0" encoding="UTF-8"?>
<!-- Generated by org.testng.reporters.JUnitXMLReporter -->
<testsuite ignored="0" hostname="IQZCBELT059" failures="0" tests="5" name="InvalidCredentials" time="60.419" errors="0" timestamp="2021-11-23T12:59:22 IST">
  <testcase classname="Twice_Login.Invalid_Credentials" name="URL" time="16.198"/>
  <testcase classname="Twice_Login.Invalid_Credentials" name="Username" time="10.125"/>
  <testcase classname="Twice_Login.Invalid_Credentials" name="Password" time="10.248"/>
  <testcase classname="Twice_Login.Invalid_Credentials" name="Login_Button" time="11.1"/>
  <testcase classname="Twice_Login.Invalid_Credentials" name="Title" time="10.051"/>
</testsuite> <!-- InvalidCredentials -->
