<?xml version="1.0" encoding="UTF-8"?>
<testng-results ignored="0" total="6" passed="6" failed="0" skipped="0">
  <reporter-output>
  </reporter-output>
  <suite started-at="2021-11-19T10:31:13 IST" name="MySuite" finished-at="2021-11-19T10:31:51 IST" duration-ms="38435">
    <groups>
    </groups>
    <test started-at="2021-11-19T10:31:13 IST" name="TestingOnChrome" finished-at="2021-11-19T10:31:47 IST" duration-ms="33970">
      <class name="Demo.Cross_Browser">
        <test-method is-config="true" signature="setup(java.lang.String)[pri:0, instance:Demo.Cross_Browser@957e06]" started-at="2021-11-19T10:31:13 IST" name="setup" finished-at="2021-11-19T10:31:18 IST" duration-ms="5149" status="PASS">
          <params>
            <param index="0">
              <value>
                <![CDATA[chrome]]>
              </value>
            </param>
          </params>
          <reporter-output>
          </reporter-output>
        </test-method> <!-- setup -->
        <test-method signature="testGoogle()[pri:0, instance:Demo.Cross_Browser@957e06]" started-at="2021-11-19T10:31:18 IST" name="testGoogle" finished-at="2021-11-19T10:31:34 IST" duration-ms="15655" status="PASS">
          <reporter-output>
          </reporter-output>
        </test-method> <!-- testGoogle -->
        <test-method signature="testYahoo()[pri:0, instance:Demo.Cross_Browser@957e06]" started-at="2021-11-19T10:31:34 IST" name="testYahoo" finished-at="2021-11-19T10:31:46 IST" duration-ms="12327" status="PASS">
          <reporter-output>
          </reporter-output>
        </test-method> <!-- testYahoo -->
        <test-method is-config="true" signature="finish()[pri:0, instance:Demo.Cross_Browser@957e06]" started-at="2021-11-19T10:31:46 IST" name="finish" finished-at="2021-11-19T10:31:47 IST" duration-ms="775" status="PASS">
          <reporter-output>
          </reporter-output>
        </test-method> <!-- finish -->
      </class> <!-- Demo.Cross_Browser -->
    </test> <!-- TestingOnChrome -->
    <test started-at="2021-11-19T10:31:13 IST" name="TestingOnEdge" finished-at="2021-11-19T10:31:47 IST" duration-ms="34523">
      <class name="Demo.Cross_Browser">
        <test-method is-config="true" signature="setup(java.lang.String)[pri:0, instance:Demo.Cross_Browser@5677323c]" started-at="2021-11-19T10:31:13 IST" name="setup" finished-at="2021-11-19T10:31:18 IST" duration-ms="5149" status="PASS">
          <params>
            <param index="0">
              <value>
                <![CDATA[edge]]>
              </value>
            </param>
          </params>
          <reporter-output>
          </reporter-output>
        </test-method> <!-- setup -->
        <test-method signature="testGoogle()[pri:0, instance:Demo.Cross_Browser@5677323c]" started-at="2021-11-19T10:31:18 IST" name="testGoogle" finished-at="2021-11-19T10:31:34 IST" duration-ms="15796" status="PASS">
          <reporter-output>
          </reporter-output>
        </test-method> <!-- testGoogle -->
        <test-method signature="testYahoo()[pri:0, instance:Demo.Cross_Browser@5677323c]" started-at="2021-11-19T10:31:34 IST" name="testYahoo" finished-at="2021-11-19T10:31:46 IST" duration-ms="12331" status="PASS">
          <reporter-output>
          </reporter-output>
        </test-method> <!-- testYahoo -->
        <test-method is-config="true" signature="finish()[pri:0, instance:Demo.Cross_Browser@5677323c]" started-at="2021-11-19T10:31:46 IST" name="finish" finished-at="2021-11-19T10:31:47 IST" duration-ms="1186" status="PASS">
          <reporter-output>
          </reporter-output>
        </test-method> <!-- finish -->
      </class> <!-- Demo.Cross_Browser -->
    </test> <!-- TestingOnEdge -->
    <test started-at="2021-11-19T10:31:13 IST" name="TestingOnFirefox" finished-at="2021-11-19T10:31:51 IST" duration-ms="38435">
      <class name="Demo.Cross_Browser">
        <test-method is-config="true" signature="setup(java.lang.String)[pri:0, instance:Demo.Cross_Browser@4a883b15]" started-at="2021-11-19T10:31:13 IST" name="setup" finished-at="2021-11-19T10:31:23 IST" duration-ms="10032" status="PASS">
          <params>
            <param index="0">
              <value>
                <![CDATA[firefox]]>
              </value>
            </param>
          </params>
          <reporter-output>
          </reporter-output>
        </test-method> <!-- setup -->
        <test-method signature="testGoogle()[pri:0, instance:Demo.Cross_Browser@4a883b15]" started-at="2021-11-19T10:31:23 IST" name="testGoogle" finished-at="2021-11-19T10:31:37 IST" duration-ms="13902" status="PASS">
          <reporter-output>
          </reporter-output>
        </test-method> <!-- testGoogle -->
        <test-method signature="testYahoo()[pri:0, instance:Demo.Cross_Browser@4a883b15]" started-at="2021-11-19T10:31:37 IST" name="testYahoo" finished-at="2021-11-19T10:31:49 IST" duration-ms="12432" status="PASS">
          <reporter-output>
          </reporter-output>
        </test-method> <!-- testYahoo -->
        <test-method is-config="true" signature="finish()[pri:0, instance:Demo.Cross_Browser@4a883b15]" started-at="2021-11-19T10:31:49 IST" name="finish" finished-at="2021-11-19T10:31:51 IST" duration-ms="2054" status="PASS">
          <reporter-output>
          </reporter-output>
        </test-method> <!-- finish -->
      </class> <!-- Demo.Cross_Browser -->
    </test> <!-- TestingOnFirefox -->
  </suite> <!-- MySuite -->
</testng-results>
