<?xml version="1.0" encoding="UTF-8"?>
<testng-results ignored="0" total="12" passed="12" failed="0" skipped="0">
  <reporter-output>
  </reporter-output>
  <suite started-at="2022-01-28T09:44:25 IST" name="MySuite" finished-at="2022-01-28T09:45:43 IST" duration-ms="77435">
    <groups>
    </groups>
    <test started-at="2022-01-28T09:44:25 IST" name="TestingOnFirefox" finished-at="2022-01-28T09:45:26 IST" duration-ms="61230">
      <class name="Parallel_Browser.LoginIqz">
        <test-method is-config="true" signature="setup(java.lang.String)[pri:0, instance:Parallel_Browser.LoginIqz@791f145a]" started-at="2022-01-28T09:44:25 IST" name="setup" finished-at="2022-01-28T09:44:33 IST" duration-ms="7790" status="PASS">
          <params>
            <param index="0">
              <value>
                <![CDATA[firefox]]>
              </value>
            </param>
          </params>
          <reporter-output>
          </reporter-output>
        </test-method> <!-- setup -->
        <test-method signature="URL()[pri:0, instance:Parallel_Browser.LoginIqz@791f145a]" started-at="2022-01-28T09:44:33 IST" name="URL" finished-at="2022-01-28T09:44:35 IST" duration-ms="2357" status="PASS">
          <reporter-output>
          </reporter-output>
        </test-method> <!-- URL -->
        <test-method signature="logincredentials()[pri:0, instance:Parallel_Browser.LoginIqz@791f145a]" started-at="2022-01-28T09:44:35 IST" name="logincredentials" finished-at="2022-01-28T09:44:59 IST" depends-on-methods="Parallel_Browser.LoginIqz.URL" duration-ms="23867" status="PASS">
          <reporter-output>
          </reporter-output>
        </test-method> <!-- logincredentials -->
        <test-method signature="userportal()[pri:0, instance:Parallel_Browser.LoginIqz@791f145a]" started-at="2022-01-28T09:44:59 IST" name="userportal" finished-at="2022-01-28T09:45:03 IST" depends-on-methods="Parallel_Browser.LoginIqz.logincredentials" duration-ms="3734" status="PASS">
          <reporter-output>
          </reporter-output>
        </test-method> <!-- userportal -->
        <test-method signature="individuallead(java.lang.String)[pri:0, instance:Parallel_Browser.LoginIqz@791f145a]" started-at="2022-01-28T09:45:03 IST" name="individuallead" finished-at="2022-01-28T09:45:26 IST" depends-on-methods="Parallel_Browser.LoginIqz.userportal" duration-ms="23462" status="PASS">
          <params>
            <param index="0">
              <value>
                <![CDATA[firefox]]>
              </value>
            </param>
          </params>
          <reporter-output>
          </reporter-output>
        </test-method> <!-- individuallead -->
      </class> <!-- Parallel_Browser.LoginIqz -->
    </test> <!-- TestingOnFirefox -->
    <test started-at="2022-01-28T09:44:25 IST" name="TestingOnChrome" finished-at="2022-01-28T09:45:27 IST" duration-ms="62398">
      <class name="Parallel_Browser.LoginIqz">
        <test-method is-config="true" signature="setup(java.lang.String)[pri:0, instance:Parallel_Browser.LoginIqz@2c1b194a]" started-at="2022-01-28T09:44:25 IST" name="setup" finished-at="2022-01-28T09:44:28 IST" duration-ms="3200" status="PASS">
          <params>
            <param index="0">
              <value>
                <![CDATA[chrome]]>
              </value>
            </param>
          </params>
          <reporter-output>
          </reporter-output>
        </test-method> <!-- setup -->
        <test-method signature="URL()[pri:0, instance:Parallel_Browser.LoginIqz@2c1b194a]" started-at="2022-01-28T09:44:28 IST" name="URL" finished-at="2022-01-28T09:44:31 IST" duration-ms="2858" status="PASS">
          <reporter-output>
          </reporter-output>
        </test-method> <!-- URL -->
        <test-method signature="logincredentials()[pri:0, instance:Parallel_Browser.LoginIqz@2c1b194a]" started-at="2022-01-28T09:44:31 IST" name="logincredentials" finished-at="2022-01-28T09:44:55 IST" depends-on-methods="Parallel_Browser.LoginIqz.URL" duration-ms="23610" status="PASS">
          <reporter-output>
          </reporter-output>
        </test-method> <!-- logincredentials -->
        <test-method signature="userportal()[pri:0, instance:Parallel_Browser.LoginIqz@2c1b194a]" started-at="2022-01-28T09:44:55 IST" name="userportal" finished-at="2022-01-28T09:45:02 IST" depends-on-methods="Parallel_Browser.LoginIqz.logincredentials" duration-ms="7312" status="PASS">
          <reporter-output>
          </reporter-output>
        </test-method> <!-- userportal -->
        <test-method signature="individuallead(java.lang.String)[pri:0, instance:Parallel_Browser.LoginIqz@2c1b194a]" started-at="2022-01-28T09:45:02 IST" name="individuallead" finished-at="2022-01-28T09:45:27 IST" depends-on-methods="Parallel_Browser.LoginIqz.userportal" duration-ms="25327" status="PASS">
          <params>
            <param index="0">
              <value>
                <![CDATA[chrome]]>
              </value>
            </param>
          </params>
          <reporter-output>
          </reporter-output>
        </test-method> <!-- individuallead -->
      </class> <!-- Parallel_Browser.LoginIqz -->
    </test> <!-- TestingOnChrome -->
    <test started-at="2022-01-28T09:44:25 IST" name="TestingOnEdge" finished-at="2022-01-28T09:45:43 IST" duration-ms="77435">
      <class name="Parallel_Browser.LoginIqz">
        <test-method is-config="true" signature="setup(java.lang.String)[pri:0, instance:Parallel_Browser.LoginIqz@6340e5f0]" started-at="2022-01-28T09:44:25 IST" name="setup" finished-at="2022-01-28T09:44:30 IST" duration-ms="4554" status="PASS">
          <params>
            <param index="0">
              <value>
                <![CDATA[edge]]>
              </value>
            </param>
          </params>
          <reporter-output>
          </reporter-output>
        </test-method> <!-- setup -->
        <test-method signature="URL()[pri:0, instance:Parallel_Browser.LoginIqz@6340e5f0]" started-at="2022-01-28T09:44:30 IST" name="URL" finished-at="2022-01-28T09:44:32 IST" duration-ms="2388" status="PASS">
          <reporter-output>
          </reporter-output>
        </test-method> <!-- URL -->
        <test-method signature="logincredentials()[pri:0, instance:Parallel_Browser.LoginIqz@6340e5f0]" started-at="2022-01-28T09:44:32 IST" name="logincredentials" finished-at="2022-01-28T09:44:58 IST" depends-on-methods="Parallel_Browser.LoginIqz.URL" duration-ms="26441" status="PASS">
          <reporter-output>
          </reporter-output>
        </test-method> <!-- logincredentials -->
        <test-method signature="userportal()[pri:0, instance:Parallel_Browser.LoginIqz@6340e5f0]" started-at="2022-01-28T09:44:58 IST" name="userportal" finished-at="2022-01-28T09:45:08 IST" depends-on-methods="Parallel_Browser.LoginIqz.logincredentials" duration-ms="9128" status="PASS">
          <reporter-output>
          </reporter-output>
        </test-method> <!-- userportal -->
        <test-method signature="individuallead(java.lang.String)[pri:0, instance:Parallel_Browser.LoginIqz@6340e5f0]" started-at="2022-01-28T09:45:08 IST" name="individuallead" finished-at="2022-01-28T09:45:43 IST" depends-on-methods="Parallel_Browser.LoginIqz.userportal" duration-ms="34906" status="PASS">
          <params>
            <param index="0">
              <value>
                <![CDATA[edge]]>
              </value>
            </param>
          </params>
          <reporter-output>
          </reporter-output>
        </test-method> <!-- individuallead -->
      </class> <!-- Parallel_Browser.LoginIqz -->
    </test> <!-- TestingOnEdge -->
  </suite> <!-- MySuite -->
</testng-results>
