<?xml version="1.0" encoding="UTF-8"?>
<testng-results ignored="0" total="12" passed="12" failed="0" skipped="0">
  <reporter-output>
  </reporter-output>
  <suite started-at="2022-01-24T11:35:35 IST" name="MySuite" finished-at="2022-01-24T11:36:49 IST" duration-ms="73700">
    <groups>
    </groups>
    <test started-at="2022-01-24T11:35:35 IST" name="TestingOnFirefox" finished-at="2022-01-24T11:36:35 IST" duration-ms="59935">
      <class name="Parallel_Browser.LoginIqz">
        <test-method is-config="true" signature="setup(java.lang.String)[pri:0, instance:Parallel_Browser.LoginIqz@1e0b4072]" started-at="2022-01-24T11:35:35 IST" name="setup" finished-at="2022-01-24T11:35:43 IST" duration-ms="7783" status="PASS">
          <params>
            <param index="0">
              <value>
                <![CDATA[firefox]]>
              </value>
            </param>
          </params>
          <reporter-output>
          </reporter-output>
        </test-method> <!-- setup -->
        <test-method signature="URL()[pri:0, instance:Parallel_Browser.LoginIqz@1e0b4072]" started-at="2022-01-24T11:35:43 IST" name="URL" finished-at="2022-01-24T11:35:45 IST" duration-ms="2113" status="PASS">
          <reporter-output>
          </reporter-output>
        </test-method> <!-- URL -->
        <test-method signature="logincredentials()[pri:0, instance:Parallel_Browser.LoginIqz@1e0b4072]" started-at="2022-01-24T11:35:45 IST" name="logincredentials" finished-at="2022-01-24T11:36:10 IST" depends-on-methods="Parallel_Browser.LoginIqz.URL" duration-ms="24311" status="PASS">
          <reporter-output>
          </reporter-output>
        </test-method> <!-- logincredentials -->
        <test-method signature="userportal()[pri:0, instance:Parallel_Browser.LoginIqz@1e0b4072]" started-at="2022-01-24T11:36:10 IST" name="userportal" finished-at="2022-01-24T11:36:13 IST" depends-on-methods="Parallel_Browser.LoginIqz.logincredentials" duration-ms="3735" status="PASS">
          <reporter-output>
          </reporter-output>
        </test-method> <!-- userportal -->
        <test-method signature="individuallead()[pri:0, instance:Parallel_Browser.LoginIqz@1e0b4072]" started-at="2022-01-24T11:36:13 IST" name="individuallead" finished-at="2022-01-24T11:36:35 IST" depends-on-methods="Parallel_Browser.LoginIqz.userportal" duration-ms="21968" status="PASS">
          <reporter-output>
          </reporter-output>
        </test-method> <!-- individuallead -->
      </class> <!-- Parallel_Browser.LoginIqz -->
    </test> <!-- TestingOnFirefox -->
    <test started-at="2022-01-24T11:35:35 IST" name="TestingOnChrome" finished-at="2022-01-24T11:36:37 IST" duration-ms="61243">
      <class name="Parallel_Browser.LoginIqz">
        <test-method is-config="true" signature="setup(java.lang.String)[pri:0, instance:Parallel_Browser.LoginIqz@2c1b194a]" started-at="2022-01-24T11:35:35 IST" name="setup" finished-at="2022-01-24T11:35:39 IST" duration-ms="3583" status="PASS">
          <params>
            <param index="0">
              <value>
                <![CDATA[chrome]]>
              </value>
            </param>
          </params>
          <reporter-output>
          </reporter-output>
        </test-method> <!-- setup -->
        <test-method signature="URL()[pri:0, instance:Parallel_Browser.LoginIqz@2c1b194a]" started-at="2022-01-24T11:35:39 IST" name="URL" finished-at="2022-01-24T11:35:42 IST" duration-ms="2677" status="PASS">
          <reporter-output>
          </reporter-output>
        </test-method> <!-- URL -->
        <test-method signature="logincredentials()[pri:0, instance:Parallel_Browser.LoginIqz@2c1b194a]" started-at="2022-01-24T11:35:42 IST" name="logincredentials" finished-at="2022-01-24T11:36:03 IST" depends-on-methods="Parallel_Browser.LoginIqz.URL" duration-ms="21385" status="PASS">
          <reporter-output>
          </reporter-output>
        </test-method> <!-- logincredentials -->
        <test-method signature="userportal()[pri:0, instance:Parallel_Browser.LoginIqz@2c1b194a]" started-at="2022-01-24T11:36:03 IST" name="userportal" finished-at="2022-01-24T11:36:10 IST" depends-on-methods="Parallel_Browser.LoginIqz.logincredentials" duration-ms="7305" status="PASS">
          <reporter-output>
          </reporter-output>
        </test-method> <!-- userportal -->
        <test-method signature="individuallead()[pri:0, instance:Parallel_Browser.LoginIqz@2c1b194a]" started-at="2022-01-24T11:36:10 IST" name="individuallead" finished-at="2022-01-24T11:36:37 IST" depends-on-methods="Parallel_Browser.LoginIqz.userportal" duration-ms="26217" status="PASS">
          <reporter-output>
          </reporter-output>
        </test-method> <!-- individuallead -->
      </class> <!-- Parallel_Browser.LoginIqz -->
    </test> <!-- TestingOnChrome -->
    <test started-at="2022-01-24T11:35:35 IST" name="TestingOnEdge" finished-at="2022-01-24T11:36:49 IST" duration-ms="73699">
      <class name="Parallel_Browser.LoginIqz">
        <test-method is-config="true" signature="setup(java.lang.String)[pri:0, instance:Parallel_Browser.LoginIqz@2794eab6]" started-at="2022-01-24T11:35:35 IST" name="setup" finished-at="2022-01-24T11:35:40 IST" duration-ms="4617" status="PASS">
          <params>
            <param index="0">
              <value>
                <![CDATA[edge]]>
              </value>
            </param>
          </params>
          <reporter-output>
          </reporter-output>
        </test-method> <!-- setup -->
        <test-method signature="URL()[pri:0, instance:Parallel_Browser.LoginIqz@2794eab6]" started-at="2022-01-24T11:35:40 IST" name="URL" finished-at="2022-01-24T11:35:43 IST" duration-ms="2754" status="PASS">
          <reporter-output>
          </reporter-output>
        </test-method> <!-- URL -->
        <test-method signature="logincredentials()[pri:0, instance:Parallel_Browser.LoginIqz@2794eab6]" started-at="2022-01-24T11:35:43 IST" name="logincredentials" finished-at="2022-01-24T11:36:09 IST" depends-on-methods="Parallel_Browser.LoginIqz.URL" duration-ms="26227" status="PASS">
          <reporter-output>
          </reporter-output>
        </test-method> <!-- logincredentials -->
        <test-method signature="userportal()[pri:0, instance:Parallel_Browser.LoginIqz@2794eab6]" started-at="2022-01-24T11:36:09 IST" name="userportal" finished-at="2022-01-24T11:36:19 IST" depends-on-methods="Parallel_Browser.LoginIqz.logincredentials" duration-ms="9950" status="PASS">
          <reporter-output>
          </reporter-output>
        </test-method> <!-- userportal -->
        <test-method signature="individuallead()[pri:0, instance:Parallel_Browser.LoginIqz@2794eab6]" started-at="2022-01-24T11:36:19 IST" name="individuallead" finished-at="2022-01-24T11:36:49 IST" depends-on-methods="Parallel_Browser.LoginIqz.userportal" duration-ms="30131" status="PASS">
          <reporter-output>
          </reporter-output>
        </test-method> <!-- individuallead -->
      </class> <!-- Parallel_Browser.LoginIqz -->
    </test> <!-- TestingOnEdge -->
  </suite> <!-- MySuite -->
</testng-results>
