<?xml version="1.0" encoding="UTF-8"?>
<!-- Generated by org.testng.reporters.JUnitXMLReporter -->
<testsuite ignored="0" hostname="IQZCBELT059" failures="0" tests="5" name="Testchrome" time="76.291" errors="0" timestamp="2021-11-23T12:55:34 IST">
  <testcase classname="Pega_Login.Login_Page" name="URL" time="16.858"/>
  <testcase classname="Pega_Login.Login_Page" name="Username" time="10.23"/>
  <testcase classname="Pega_Login.Login_Page" name="Password" time="10.283"/>
  <testcase classname="Pega_Login.Login_Page" name="Login_Button" time="26.443"/>
  <testcase classname="Pega_Login.Login_Page" name="Title" time="10.033"/>
</testsuite> <!-- Testchrome -->
