<?xml version="1.0" encoding="UTF-8"?>
<!-- Generated by org.testng.reporters.JUnitXMLReporter -->
<testsuite ignored="0" hostname="IQZCBELT059" failures="0" tests="8" name="TestingOnFirefox" time="11.808" errors="0" timestamp="2021-11-26T18:35:19 IST">
  <testcase classname="Parallel_Browser.Clicking_Links" name="URL" time="4.738"/>
  <testcase classname="Parallel_Browser.Clicking_Links" name="Twitter_Click" time="0.363"/>
  <testcase classname="Parallel_Browser.Clicking_Links" name="Facebook_Click" time="0.27"/>
  <testcase classname="Parallel_Browser.Clicking_Links" name="Git_Click" time="0.321"/>
  <testcase classname="Parallel_Browser.Clicking_Links" name="Telegram_Click" time="0.234"/>
  <testcase classname="Parallel_Browser.Clicking_Links" name="Mail_Click" time="0.704"/>
  <testcase classname="Parallel_Browser.Clicking_Links" name="Linkdin_Click" time="0.527"/>
  <testcase classname="Parallel_Browser.Clicking_Links" name="Youtube_Click" time="0.689"/>
</testsuite> <!-- TestingOnFirefox -->
