<?xml version="1.0" encoding="UTF-8"?>
<!-- Generated by org.testng.reporters.JUnitXMLReporter -->
<testsuite ignored="0" hostname="IQZCBELT059" failures="0" tests="5" name="UsingParametersWithWrongCredentials" time="59.468" errors="0" timestamp="2021-11-23T13:01:37 IST">
  <testcase classname="Twice_Login.Using_Parameters" name="URL" time="15.764"/>
  <testcase classname="Twice_Login.Using_Parameters" name="Username" time="10.235"/>
  <testcase classname="Twice_Login.Using_Parameters" name="Password" time="10.271"/>
  <testcase classname="Twice_Login.Using_Parameters" name="Login_Button" time="10.588"/>
  <testcase classname="Twice_Login.Using_Parameters" name="Title" time="10.038"/>
</testsuite> <!-- UsingParametersWithWrongCredentials -->
