<?xml version="1.0" encoding="UTF-8"?>
<!-- Generated by org.testng.reporters.JUnitXMLReporter -->
<testsuite ignored="0" hostname="IQZCBELT059" failures="0" tests="6" name="Default test" time="11.298" errors="0" timestamp="2021-12-17T23:41:55 IST">
  <testcase classname="Print_Table.Results_In_Console" name="URL" time="1.952"/>
  <testcase classname="Print_Table.Results_In_Console" name="Top_Deals" time="0.529"/>
  <testcase classname="Print_Table.Results_In_Console" name="Search" time="5.287"/>
  <testcase classname="Print_Table.Results_In_Console" name="Vegetable" time="0.088"/>
  <testcase classname="Print_Table.Results_In_Console" name="Price" time="0.056"/>
  <testcase classname="Print_Table.Results_In_Console" name="Dis_Price" time="0.042"/>
</testsuite> <!-- Default test -->
