<?xml version="1.0" encoding="UTF-8"?>
<!-- Generated by org.testng.reporters.JUnitXMLReporter -->
<testsuite ignored="0" hostname="IQZCBELT059" failures="0" tests="5" name="InvalidCredentials" time="56.722" errors="0" timestamp="2021-11-22T20:19:32 IST">
  <testcase classname="Twice_Login.Invalid_Credentials" name="URL" time="12.993"/>
  <testcase classname="Twice_Login.Invalid_Credentials" name="Username" time="10.167"/>
  <testcase classname="Twice_Login.Invalid_Credentials" name="Password" time="10.235"/>
  <testcase classname="Twice_Login.Invalid_Credentials" name="Login_Button" time="10.743"/>
  <testcase classname="Twice_Login.Invalid_Credentials" name="Title" time="10.044"/>
</testsuite> <!-- InvalidCredentials -->
