<?xml version="1.0" encoding="UTF-8"?>
<!-- Generated by org.testng.reporters.JUnitXMLReporter -->
<testsuite ignored="0" hostname="IQZCBELT059" failures="0" tests="5" name="TestingOnChrome" time="74.592" errors="0" timestamp="2021-11-22T20:13:57 IST">
  <testcase classname="Pega_Login.Login_Page" name="URL" time="12.864"/>
  <testcase classname="Pega_Login.Login_Page" name="Username" time="10.154"/>
  <testcase classname="Pega_Login.Login_Page" name="Password" time="10.17"/>
  <testcase classname="Pega_Login.Login_Page" name="Login_Button" time="27.501"/>
  <testcase classname="Pega_Login.Login_Page" name="Title" time="10.042"/>
</testsuite> <!-- TestingOnChrome -->
