<?xml version="1.0" encoding="UTF-8"?>
<!-- Generated by org.testng.reporters.JUnitXMLReporter -->
<testsuite ignored="0" hostname="IQZCBELT059" failures="0" tests="5" name="Testerchrome" time="121.57" errors="0" timestamp="2021-11-22T20:17:17 IST">
  <testcase classname="Pega_Login.Login_Page" name="URL" time="16.465"/>
  <testcase classname="Pega_Login.Login_Page" name="Username" time="10.177"/>
  <testcase classname="Pega_Login.Login_Page" name="Password" time="10.227"/>
  <testcase classname="Pega_Login.Login_Page" name="Login_Button" time="72.157"/>
  <testcase classname="Pega_Login.Login_Page" name="Title" time="10.057"/>
</testsuite> <!-- Testerchrome -->
