<?xml version="1.0" encoding="UTF-8"?>
<!-- Generated by org.testng.reporters.JUnitXMLReporter -->
<testsuite ignored="0" hostname="IQZCBELT059" failures="0" tests="5" name="Testchrome" time="78.311" errors="0" timestamp="2021-11-22T20:15:15 IST">
  <testcase classname="Pega_Login.Login_Page" name="URL" time="15.816"/>
  <testcase classname="Pega_Login.Login_Page" name="Username" time="10.154"/>
  <testcase classname="Pega_Login.Login_Page" name="Password" time="10.227"/>
  <testcase classname="Pega_Login.Login_Page" name="Login_Button" time="29.439"/>
  <testcase classname="Pega_Login.Login_Page" name="Title" time="10.037"/>
</testsuite> <!-- Testchrome -->
