<?xml version="1.0" encoding="UTF-8"?>
<!-- Generated by org.testng.reporters.JUnitXMLReporter -->
<testsuite ignored="0" hostname="IQZCBELT059" failures="0" tests="5" name="ValidCredentials" time="77.972" errors="0" timestamp="2021-11-22T20:18:35 IST">
  <testcase classname="Twice_Login.Valid_Credentials" name="URL" time="15.625"/>
  <testcase classname="Twice_Login.Valid_Credentials" name="Username" time="10.144"/>
  <testcase classname="Twice_Login.Valid_Credentials" name="Password" time="10.203"/>
  <testcase classname="Twice_Login.Valid_Credentials" name="Login_Button" time="29.256"/>
  <testcase classname="Twice_Login.Valid_Credentials" name="Title" time="10.037"/>
</testsuite> <!-- ValidCredentials -->
