<?xml version="1.0" encoding="UTF-8"?>
<!-- Generated by org.testng.reporters.JUnitXMLReporter -->
<testsuite ignored="0" hostname="IQZCBELT059" failures="0" tests="5" name="Default test" time="128.482" errors="0" timestamp="2021-11-22T19:50:18 IST">
  <testcase classname="Pega_Login.Login_Page" name="URL" time="16.516"/>
  <testcase classname="Pega_Login.Login_Page" name="Username" time="10.181"/>
  <testcase classname="Pega_Login.Login_Page" name="Password" time="10.21"/>
  <testcase classname="Pega_Login.Login_Page" name="Login_Button" time="77.436"/>
  <testcase classname="Pega_Login.Login_Page" name="Title" time="10.041"/>
</testsuite> <!-- Default test -->
