<?xml version="1.0" encoding="UTF-8"?>
<!-- Generated by org.testng.reporters.JUnitXMLReporter -->
<testsuite ignored="0" hostname="IQZCBELT059" failures="0" tests="8" name="TestingOnChrome" time="12.173" errors="0" timestamp="2021-11-26T18:35:19 IST">
  <testcase classname="Parallel_Browser.Clicking_Links" name="URL" time="7.534"/>
  <testcase classname="Parallel_Browser.Clicking_Links" name="Twitter_Click" time="0.33"/>
  <testcase classname="Parallel_Browser.Clicking_Links" name="Facebook_Click" time="0.246"/>
  <testcase classname="Parallel_Browser.Clicking_Links" name="Git_Click" time="0.248"/>
  <testcase classname="Parallel_Browser.Clicking_Links" name="Telegram_Click" time="0.466"/>
  <testcase classname="Parallel_Browser.Clicking_Links" name="Mail_Click" time="0.422"/>
  <testcase classname="Parallel_Browser.Clicking_Links" name="Linkdin_Click" time="0.618"/>
  <testcase classname="Parallel_Browser.Clicking_Links" name="Youtube_Click" time="0.316"/>
</testsuite> <!-- TestingOnChrome -->
