<?xml version="1.0" encoding="UTF-8"?>
<!-- Generated by org.testng.reporters.JUnitXMLReporter -->
<testsuite ignored="0" hostname="IQZCBELT059" failures="0" tests="5" name="UsingParameters" time="74.89" errors="0" timestamp="2021-11-23T13:00:37 IST">
  <testcase classname="Twice_Login.Using_Parameters" name="URL" time="15.399"/>
  <testcase classname="Twice_Login.Using_Parameters" name="Username" time="10.143"/>
  <testcase classname="Twice_Login.Using_Parameters" name="Password" time="10.237"/>
  <testcase classname="Twice_Login.Using_Parameters" name="Login_Button" time="26.362"/>
  <testcase classname="Twice_Login.Using_Parameters" name="Title" time="10.018"/>
</testsuite> <!-- UsingParameters -->
