<?xml version="1.0" encoding="UTF-8"?>
<!-- Generated by org.testng.reporters.JUnitXMLReporter -->
<testsuite ignored="0" hostname="IQZCBELT059" failures="0" tests="4" name="TestingOnFirefox" time="59.935" errors="0" timestamp="2022-01-24T11:36:35 IST">
  <testcase classname="Parallel_Browser.LoginIqz" name="URL" time="2.113"/>
  <testcase classname="Parallel_Browser.LoginIqz" name="logincredentials" time="24.311"/>
  <testcase classname="Parallel_Browser.LoginIqz" name="userportal" time="3.735"/>
  <testcase classname="Parallel_Browser.LoginIqz" name="individuallead" time="21.968"/>
</testsuite> <!-- TestingOnFirefox -->
