<?xml version="1.0" encoding="UTF-8"?>
<!-- Generated by org.testng.reporters.JUnitXMLReporter -->
<testsuite ignored="0" hostname="IQZCBELT059" failures="0" tests="4" name="TestingOnChrome" time="62.398" errors="0" timestamp="2022-01-28T09:45:27 IST">
  <testcase classname="Parallel_Browser.LoginIqz" name="URL" time="2.858"/>
  <testcase classname="Parallel_Browser.LoginIqz" name="logincredentials" time="23.61"/>
  <testcase classname="Parallel_Browser.LoginIqz" name="userportal" time="7.312"/>
  <testcase classname="Parallel_Browser.LoginIqz" name="individuallead" time="25.327"/>
</testsuite> <!-- TestingOnChrome -->
