<?xml version="1.0" encoding="UTF-8"?>
<!-- Generated by org.testng.reporters.JUnitXMLReporter -->
<testsuite ignored="0" hostname="IQZCBELT059" failures="0" tests="5" name="Testerchrome" time="81.321" errors="0" timestamp="2021-11-23T12:56:55 IST">
  <testcase classname="Pega_Login.Login_Page" name="URL" time="18.932"/>
  <testcase classname="Pega_Login.Login_Page" name="Username" time="10.191"/>
  <testcase classname="Pega_Login.Login_Page" name="Password" time="10.293"/>
  <testcase classname="Pega_Login.Login_Page" name="Login_Button" time="29.078"/>
  <testcase classname="Pega_Login.Login_Page" name="Title" time="10.046"/>
</testsuite> <!-- Testerchrome -->
