<?xml version="1.0" encoding="UTF-8"?>
<!-- Generated by org.testng.reporters.JUnitXMLReporter -->
<testsuite ignored="0" hostname="IQZCBELT059" failures="0" tests="4" name="TestingOnFirefox" time="61.23" errors="0" timestamp="2022-01-28T09:45:26 IST">
  <testcase classname="Parallel_Browser.LoginIqz" name="URL" time="2.357"/>
  <testcase classname="Parallel_Browser.LoginIqz" name="logincredentials" time="23.867"/>
  <testcase classname="Parallel_Browser.LoginIqz" name="userportal" time="3.734"/>
  <testcase classname="Parallel_Browser.LoginIqz" name="individuallead" time="23.462"/>
</testsuite> <!-- TestingOnFirefox -->
