<?xml version="1.0" encoding="UTF-8"?>
<!-- Generated by org.testng.reporters.JUnitXMLReporter -->
<testsuite ignored="0" hostname="IQZCBELT059" failures="0" tests="4" name="TestingOnChrome" time="61.243" errors="0" timestamp="2022-01-24T11:36:37 IST">
  <testcase classname="Parallel_Browser.LoginIqz" name="URL" time="2.677"/>
  <testcase classname="Parallel_Browser.LoginIqz" name="logincredentials" time="21.385"/>
  <testcase classname="Parallel_Browser.LoginIqz" name="userportal" time="7.305"/>
  <testcase classname="Parallel_Browser.LoginIqz" name="individuallead" time="26.217"/>
</testsuite> <!-- TestingOnChrome -->
