<?xml version="1.0" encoding="UTF-8"?>
<!-- Generated by org.testng.reporters.JUnitXMLReporter -->
<testsuite ignored="0" hostname="IQZCBELT059" failures="0" tests="4" name="TestingOnEdge" time="77.435" errors="0" timestamp="2022-01-28T09:45:43 IST">
  <testcase classname="Parallel_Browser.LoginIqz" name="URL" time="2.388"/>
  <testcase classname="Parallel_Browser.LoginIqz" name="logincredentials" time="26.441"/>
  <testcase classname="Parallel_Browser.LoginIqz" name="userportal" time="9.128"/>
  <testcase classname="Parallel_Browser.LoginIqz" name="individuallead" time="34.906"/>
</testsuite> <!-- TestingOnEdge -->
