<?xml version="1.0" encoding="UTF-8"?>
<!-- Generated by org.testng.reporters.JUnitXMLReporter -->
<testsuite ignored="0" hostname="IQZCBELT059" failures="0" tests="4" name="TestingOnEdge" time="73.699" errors="0" timestamp="2022-01-24T11:36:49 IST">
  <testcase classname="Parallel_Browser.LoginIqz" name="URL" time="2.754"/>
  <testcase classname="Parallel_Browser.LoginIqz" name="logincredentials" time="26.227"/>
  <testcase classname="Parallel_Browser.LoginIqz" name="userportal" time="9.95"/>
  <testcase classname="Parallel_Browser.LoginIqz" name="individuallead" time="30.131"/>
</testsuite> <!-- TestingOnEdge -->
