<?xml version="1.0" encoding="UTF-8"?>
<!-- Generated by org.testng.reporters.JUnitXMLReporter -->
<testsuite ignored="0" hostname="IQZCBELT059" failures="0" tests="5" name="ValidCredentials" time="86.466" errors="0" timestamp="2021-11-23T12:58:22 IST">
  <testcase classname="Twice_Login.Valid_Credentials" name="URL" time="24.24"/>
  <testcase classname="Twice_Login.Valid_Credentials" name="Username" time="10.211"/>
  <testcase classname="Twice_Login.Valid_Credentials" name="Password" time="10.251"/>
  <testcase classname="Twice_Login.Valid_Credentials" name="Login_Button" time="29.109"/>
  <testcase classname="Twice_Login.Valid_Credentials" name="Title" time="10.041"/>
</testsuite> <!-- ValidCredentials -->
